Please give the file name: 
Students.txt
Abey matches with Melissa with the score 60
John matches with Jeff with the score 100
Craig has no matches.
Please give the file name: 
FullRoster.txt
Abhay matches with Alexandra with the score 96
Adam matches with Alan with the score 99
Alexander matches with Andrew with the score 100
Alfred matches with Daniel with the score 85
Analisa matches with Andrea with the score 99
Angelina matches with Kristin Lunney with the score 97
Antonietta Vicky matches with Kristina with the score 95
Arun Premnath matches with Kurt with the score 89
Chih matches with Lifen with the score 81
Colin has no matches.
Cynthia matches with Dalila with the score 86
Dana Colleen matches with Kristal with the score 92
Lauren matches with Lien T. with the score 96